Added Component: Designator=C1(C 0603)
Added Component: Designator=I.MX6UL_CORE(I.MX6UL_CORE)
Added Pin To Net: NetName=6D_INT Pin=I.MX6UL_CORE-J2_22
Added Net: Name=6D_INT
Added Pin To Net: NetName=AP_INT Pin=I.MX6UL_CORE-J2_49
Added Net: Name=AP_INT
Added Pin To Net: NetName=AUD_INT Pin=I.MX6UL_CORE-J2_3
Added Net: Name=AUD_INT
Added Pin To Net: NetName=BEEP Pin=I.MX6UL_CORE-J2_5
Added Net: Name=BEEP
Added Pin To Net: NetName=BLT_PWM Pin=I.MX6UL_CORE-J2_16
Added Net: Name=BLT_PWM
Added Pin To Net: NetName=BOOT_MODE0 Pin=I.MX6UL_CORE-J2_7
Added Net: Name=BOOT_MODE0
Added Pin To Net: NetName=BOOT_MODE1 Pin=I.MX6UL_CORE-J2_8
Added Net: Name=BOOT_MODE1
Added Pin To Net: NetName=CAN1_RX Pin=I.MX6UL_CORE-J2_35
Added Net: Name=CAN1_RX
Added Pin To Net: NetName=CAN1_TX Pin=I.MX6UL_CORE-J2_36
Added Net: Name=CAN1_TX
Added Pin To Net: NetName=CAN2_RX Pin=I.MX6UL_CORE-J2_40
Added Net: Name=CAN2_RX
Added Pin To Net: NetName=CAN2_TX Pin=I.MX6UL_CORE-J2_39
Added Net: Name=CAN2_TX
Added Pin To Net: NetName=CORE_5V Pin=C1-2
Added Pin To Net: NetName=CORE_5V Pin=I.MX6UL_CORE-J2_1
Added Pin To Net: NetName=CORE_5V Pin=I.MX6UL_CORE-J2_2
Added Net: Name=CORE_5V
Added Pin To Net: NetName=CSI_DATA0 Pin=I.MX6UL_CORE-J1_56
Added Net: Name=CSI_DATA0
Added Pin To Net: NetName=CSI_DATA1 Pin=I.MX6UL_CORE-J1_57
Added Net: Name=CSI_DATA1
Added Pin To Net: NetName=CSI_DATA2 Pin=I.MX6UL_CORE-J1_3
Added Net: Name=CSI_DATA2
Added Pin To Net: NetName=CSI_DATA3 Pin=I.MX6UL_CORE-J1_59
Added Net: Name=CSI_DATA3
Added Pin To Net: NetName=CSI_DATA4 Pin=I.MX6UL_CORE-J1_55
Added Net: Name=CSI_DATA4
Added Pin To Net: NetName=CSI_DATA5 Pin=I.MX6UL_CORE-J1_6
Added Net: Name=CSI_DATA5
Added Pin To Net: NetName=CSI_DATA6 Pin=I.MX6UL_CORE-J1_4
Added Net: Name=CSI_DATA6
Added Pin To Net: NetName=CSI_DATA7 Pin=I.MX6UL_CORE-J1_58
Added Net: Name=CSI_DATA7
Added Pin To Net: NetName=CSI_HSYNC Pin=I.MX6UL_CORE-J1_1
Added Net: Name=CSI_HSYNC
Added Pin To Net: NetName=CSI_MCLK Pin=I.MX6UL_CORE-J1_2
Added Net: Name=CSI_MCLK
Added Pin To Net: NetName=CSI_PIXCLK Pin=I.MX6UL_CORE-J1_5
Added Net: Name=CSI_PIXCLK
Added Pin To Net: NetName=CSI_PWDN Pin=I.MX6UL_CORE-J2_14
Added Net: Name=CSI_PWDN
Added Pin To Net: NetName=CSI_RESET Pin=I.MX6UL_CORE-J2_13
Added Net: Name=CSI_RESET
Added Pin To Net: NetName=CSI_VSYNC Pin=I.MX6UL_CORE-J1_60
Added Net: Name=CSI_VSYNC
Added Pin To Net: NetName=CT_INT Pin=I.MX6UL_CORE-J2_15
Added Net: Name=CT_INT
Added Pin To Net: NetName=CT_RST Pin=I.MX6UL_CORE-J1_48
Added Net: Name=CT_RST
Added Pin To Net: NetName=ECSPI3_SCLK Pin=I.MX6UL_CORE-J2_41
Added Net: Name=ECSPI3_SCLK
Added Pin To Net: NetName=ECSPI3_SS0 Pin=I.MX6UL_CORE-J2_42
Added Net: Name=ECSPI3_SS0
Added Pin To Net: NetName=ENET1_CRS_DV Pin=I.MX6UL_CORE-J2_25
Added Net: Name=ENET1_CRS_DV
Added Pin To Net: NetName=ENET1_INT_TREE# Pin=I.MX6UL_CORE-J2_11
Added Net: Name=ENET1_INT_TREE#
Added Pin To Net: NetName=ENET1_RST Pin=I.MX6UL_CORE-J2_10
Added Net: Name=ENET1_RST
Added Pin To Net: NetName=ENET1_RXD0 Pin=I.MX6UL_CORE-J2_26
Added Net: Name=ENET1_RXD0
Added Pin To Net: NetName=ENET1_RXD1 Pin=I.MX6UL_CORE-J2_24
Added Net: Name=ENET1_RXD1
Added Pin To Net: NetName=ENET1_RXER Pin=I.MX6UL_CORE-J2_30
Added Net: Name=ENET1_RXER
Added Pin To Net: NetName=ENET1_TX_CLK Pin=I.MX6UL_CORE-J2_29
Added Net: Name=ENET1_TX_CLK
Added Pin To Net: NetName=ENET1_TXD0 Pin=I.MX6UL_CORE-J2_23
Added Net: Name=ENET1_TXD0
Added Pin To Net: NetName=ENET1_TXD1 Pin=I.MX6UL_CORE-J2_28
Added Net: Name=ENET1_TXD1
Added Pin To Net: NetName=ENET1_TXEN Pin=I.MX6UL_CORE-J2_27
Added Net: Name=ENET1_TXEN
Added Pin To Net: NetName=ENET2_CRS_DV Pin=I.MX6UL_CORE-J1_33
Added Net: Name=ENET2_CRS_DV
Added Pin To Net: NetName=ENET2_INT_TREE# Pin=I.MX6UL_CORE-J1_39
Added Net: Name=ENET2_INT_TREE#
Added Pin To Net: NetName=ENET2_RST Pin=I.MX6UL_CORE-J2_9
Added Net: Name=ENET2_RST
Added Pin To Net: NetName=ENET2_RXD0 Pin=I.MX6UL_CORE-J1_38
Added Net: Name=ENET2_RXD0
Added Pin To Net: NetName=ENET2_RXD1 Pin=I.MX6UL_CORE-J1_37
Added Net: Name=ENET2_RXD1
Added Pin To Net: NetName=ENET2_RXER Pin=I.MX6UL_CORE-J1_34
Added Net: Name=ENET2_RXER
Added Pin To Net: NetName=ENET2_TX_CLK Pin=I.MX6UL_CORE-J1_31
Added Net: Name=ENET2_TX_CLK
Added Pin To Net: NetName=ENET2_TXD0 Pin=I.MX6UL_CORE-J1_36
Added Net: Name=ENET2_TXD0
Added Pin To Net: NetName=ENET2_TXD1 Pin=I.MX6UL_CORE-J1_35
Added Net: Name=ENET2_TXD1
Added Pin To Net: NetName=ENET2_TXEN Pin=I.MX6UL_CORE-J1_32
Added Net: Name=ENET2_TXEN
Added Pin To Net: NetName=ENET_MDC Pin=I.MX6UL_CORE-J2_45
Added Net: Name=ENET_MDC
Added Pin To Net: NetName=ENET_MDIO Pin=I.MX6UL_CORE-J2_44
Added Net: Name=ENET_MDIO
Added Pin To Net: NetName=GND Pin=C1-1
Added Pin To Net: NetName=GND Pin=I.MX6UL_CORE-J2_59
Added Pin To Net: NetName=GND Pin=I.MX6UL_CORE-J2_60
Added Net: Name=GND
Added Pin To Net: NetName=GPIO_0 Pin=I.MX6UL_CORE-J2_51
Added Net: Name=GPIO_0
Added Pin To Net: NetName=GPIO_3 Pin=I.MX6UL_CORE-J2_47
Added Net: Name=GPIO_3
Added Pin To Net: NetName=GPIO_5 Pin=I.MX6UL_CORE-J1_47
Added Net: Name=GPIO_5
Added Pin To Net: NetName=I2C1_SCL Pin=I.MX6UL_CORE-J2_33
Added Net: Name=I2C1_SCL
Added Pin To Net: NetName=I2C1_SDA Pin=I.MX6UL_CORE-J2_34
Added Net: Name=I2C1_SDA
Added Pin To Net: NetName=I2C2_SCL Pin=I.MX6UL_CORE-J2_31
Added Net: Name=I2C2_SCL
Added Pin To Net: NetName=I2C2_SDA Pin=I.MX6UL_CORE-J2_32
Added Net: Name=I2C2_SDA
Added Pin To Net: NetName=JTAG_nTRST Pin=I.MX6UL_CORE-J2_21
Added Net: Name=JTAG_nTRST
Added Pin To Net: NetName=JTAG_TCK Pin=I.MX6UL_CORE-J2_19
Added Net: Name=JTAG_TCK
Added Pin To Net: NetName=JTAG_TDI Pin=I.MX6UL_CORE-J2_17
Added Net: Name=JTAG_TDI
Added Pin To Net: NetName=JTAG_TDO Pin=I.MX6UL_CORE-J2_18
Added Net: Name=JTAG_TDO
Added Pin To Net: NetName=JTAG_TMS Pin=I.MX6UL_CORE-J2_20
Added Net: Name=JTAG_TMS
Added Pin To Net: NetName=KEY0 Pin=I.MX6UL_CORE-J2_48
Added Net: Name=KEY0
Added Pin To Net: NetName=LCD_DATA0 Pin=I.MX6UL_CORE-J1_7
Added Net: Name=LCD_DATA0
Added Pin To Net: NetName=LCD_DATA1 Pin=I.MX6UL_CORE-J1_8
Added Net: Name=LCD_DATA1
Added Pin To Net: NetName=LCD_DATA2 Pin=I.MX6UL_CORE-J1_9
Added Net: Name=LCD_DATA2
Added Pin To Net: NetName=LCD_DATA3 Pin=I.MX6UL_CORE-J1_10
Added Net: Name=LCD_DATA3
Added Pin To Net: NetName=LCD_DATA4 Pin=I.MX6UL_CORE-J1_11
Added Net: Name=LCD_DATA4
Added Pin To Net: NetName=LCD_DATA5 Pin=I.MX6UL_CORE-J1_12
Added Net: Name=LCD_DATA5
Added Pin To Net: NetName=LCD_DATA6 Pin=I.MX6UL_CORE-J1_13
Added Net: Name=LCD_DATA6
Added Pin To Net: NetName=LCD_DATA7 Pin=I.MX6UL_CORE-J1_14
Added Net: Name=LCD_DATA7
Added Pin To Net: NetName=LCD_DATA8 Pin=I.MX6UL_CORE-J1_15
Added Net: Name=LCD_DATA8
Added Pin To Net: NetName=LCD_DATA9 Pin=I.MX6UL_CORE-J1_16
Added Net: Name=LCD_DATA9
Added Pin To Net: NetName=LCD_DATA10 Pin=I.MX6UL_CORE-J1_17
Added Net: Name=LCD_DATA10
Added Pin To Net: NetName=LCD_DATA11 Pin=I.MX6UL_CORE-J1_18
Added Net: Name=LCD_DATA11
Added Pin To Net: NetName=LCD_DATA12 Pin=I.MX6UL_CORE-J1_19
Added Net: Name=LCD_DATA12
Added Pin To Net: NetName=LCD_DATA13 Pin=I.MX6UL_CORE-J1_20
Added Net: Name=LCD_DATA13
Added Pin To Net: NetName=LCD_DATA14 Pin=I.MX6UL_CORE-J1_21
Added Net: Name=LCD_DATA14
Added Pin To Net: NetName=LCD_DATA15 Pin=I.MX6UL_CORE-J1_22
Added Net: Name=LCD_DATA15
Added Pin To Net: NetName=LCD_DATA16 Pin=I.MX6UL_CORE-J1_23
Added Net: Name=LCD_DATA16
Added Pin To Net: NetName=LCD_DATA17 Pin=I.MX6UL_CORE-J1_24
Added Net: Name=LCD_DATA17
Added Pin To Net: NetName=LCD_DATA18 Pin=I.MX6UL_CORE-J1_25
Added Net: Name=LCD_DATA18
Added Pin To Net: NetName=LCD_DATA19 Pin=I.MX6UL_CORE-J1_26
Added Net: Name=LCD_DATA19
Added Pin To Net: NetName=LCD_DATA20 Pin=I.MX6UL_CORE-J1_27
Added Net: Name=LCD_DATA20
Added Pin To Net: NetName=LCD_DATA21 Pin=I.MX6UL_CORE-J1_28
Added Net: Name=LCD_DATA21
Added Pin To Net: NetName=LCD_DATA22 Pin=I.MX6UL_CORE-J1_29
Added Net: Name=LCD_DATA22
Added Pin To Net: NetName=LCD_DATA23 Pin=I.MX6UL_CORE-J1_30
Added Net: Name=LCD_DATA23
Added Pin To Net: NetName=LCD_DE Pin=I.MX6UL_CORE-J1_46
Added Net: Name=LCD_DE
Added Pin To Net: NetName=LCD_HSYNC Pin=I.MX6UL_CORE-J1_44
Added Net: Name=LCD_HSYNC
Added Pin To Net: NetName=LCD_PCLK Pin=I.MX6UL_CORE-J1_45
Added Net: Name=LCD_PCLK
Added Pin To Net: NetName=LCD_VSYNC Pin=I.MX6UL_CORE-J1_43
Added Net: Name=LCD_VSYNC
Added Pin To Net: NetName=nUSB_OTG_CHD Pin=I.MX6UL_CORE-J2_52
Added Net: Name=nUSB_OTG_CHD
Added Pin To Net: NetName=ON_OFF Pin=I.MX6UL_CORE-J2_4
Added Net: Name=ON_OFF
Added Pin To Net: NetName=PMIC_ON_REQ Pin=I.MX6UL_CORE-J1_41
Added Net: Name=PMIC_ON_REQ
Added Pin To Net: NetName=RESET Pin=I.MX6UL_CORE-J1_40
Added Net: Name=RESET
Added Pin To Net: NetName=SD1_CLK Pin=I.MX6UL_CORE-J1_54
Added Net: Name=SD1_CLK
Added Pin To Net: NetName=SD1_CMD Pin=I.MX6UL_CORE-J1_53
Added Net: Name=SD1_CMD
Added Pin To Net: NetName=SD1_DATA0 Pin=I.MX6UL_CORE-J1_49
Added Net: Name=SD1_DATA0
Added Pin To Net: NetName=SD1_DATA1 Pin=I.MX6UL_CORE-J1_50
Added Net: Name=SD1_DATA1
Added Pin To Net: NetName=SD1_DATA2 Pin=I.MX6UL_CORE-J1_52
Added Net: Name=SD1_DATA2
Added Pin To Net: NetName=SD1_DATA3 Pin=I.MX6UL_CORE-J1_51
Added Net: Name=SD1_DATA3
Added Pin To Net: NetName=SMVS_TAMPER2 Pin=I.MX6UL_CORE-J2_12
Added Net: Name=SMVS_TAMPER2
Added Pin To Net: NetName=SNVS_TAMPER0 Pin=I.MX6UL_CORE-J2_6
Added Net: Name=SNVS_TAMPER0
Added Pin To Net: NetName=UART1_RTS Pin=I.MX6UL_CORE-J2_43
Added Net: Name=UART1_RTS
Added Pin To Net: NetName=UART1_RXD Pin=I.MX6UL_CORE-J2_46
Added Net: Name=UART1_RXD
Added Pin To Net: NetName=UART1_TXD Pin=I.MX6UL_CORE-J2_50
Added Net: Name=UART1_TXD
Added Pin To Net: NetName=UART3_RXD Pin=I.MX6UL_CORE-J2_37
Added Net: Name=UART3_RXD
Added Pin To Net: NetName=UART3_TXD Pin=I.MX6UL_CORE-J2_38
Added Net: Name=UART3_TXD
Added Pin To Net: NetName=USB_OTG1_DN Pin=I.MX6UL_CORE-J2_53
Added Net: Name=USB_OTG1_DN
Added Pin To Net: NetName=USB_OTG1_DP Pin=I.MX6UL_CORE-J2_54
Added Net: Name=USB_OTG1_DP
Added Pin To Net: NetName=USB_OTG1_VBUS Pin=I.MX6UL_CORE-J2_57
Added Net: Name=USB_OTG1_VBUS
Added Pin To Net: NetName=USB_OTG2_DN Pin=I.MX6UL_CORE-J2_55
Added Net: Name=USB_OTG2_DN
Added Pin To Net: NetName=USB_OTG2_DP Pin=I.MX6UL_CORE-J2_56
Added Net: Name=USB_OTG2_DP
Added Pin To Net: NetName=USB_OTG2_VBUS Pin=I.MX6UL_CORE-J2_58
Added Net: Name=USB_OTG2_VBUS
Added Pin To Net: NetName=VDD_COIN_3V Pin=I.MX6UL_CORE-J1_42
Added Net: Name=VDD_COIN_3V
Added Class: Name=Sheet1
Added Room: Name=Sheet1
